<?xml version="1.0" encoding="UTF-8"?>
<!-- Generated by org.testng.reporters.JUnitReportReporter -->
<testsuite skipped="0" hostname="Kumar-PC" name="account.Hello" tests="1" failures="0" timestamp="31 Aug 2017 16:21:50 GMT" time="16.194" errors="0">
  <testcase name="run" time="16.194" classname="account.Hello"/>
</testsuite> <!-- account.Hello -->
